mode: atomic
starter-gofiber/handler/auth.go:16.58,20.2 1 0
starter-gofiber/handler/auth.go:22.73,23.34 1 0
starter-gofiber/handler/auth.go:23.34,25.45 2 0
starter-gofiber/handler/auth.go:25.45,27.4 1 0
starter-gofiber/handler/auth.go:29.3,29.48 1 0
starter-gofiber/handler/auth.go:29.48,31.4 1 0
starter-gofiber/handler/auth.go:32.3,32.82 1 0
starter-gofiber/handler/auth.go:32.82,34.4 1 0
starter-gofiber/handler/auth.go:36.3,39.8 1 0
starter-gofiber/handler/auth.go:43.49,45.47 2 0
starter-gofiber/handler/auth.go:45.47,50.3 1 0
starter-gofiber/handler/auth.go:53.2,57.16 4 0
starter-gofiber/handler/auth.go:57.16,59.3 1 0
starter-gofiber/handler/auth.go:61.2,65.7 1 0
starter-gofiber/handler/auth.go:68.56,70.43 2 0
starter-gofiber/handler/auth.go:70.43,75.3 1 0
starter-gofiber/handler/auth.go:77.2,81.16 4 0
starter-gofiber/handler/auth.go:81.16,83.3 1 0
starter-gofiber/handler/auth.go:85.2,89.7 1 0
starter-gofiber/handler/auth.go:92.50,94.43 2 0
starter-gofiber/handler/auth.go:94.43,99.3 1 0
starter-gofiber/handler/auth.go:101.2,101.57 1 0
starter-gofiber/handler/auth.go:101.57,103.3 1 0
starter-gofiber/handler/auth.go:105.2,108.7 1 0
starter-gofiber/handler/auth.go:111.53,113.16 2 0
starter-gofiber/handler/auth.go:113.16,115.3 1 0
starter-gofiber/handler/auth.go:117.2,117.51 1 0
starter-gofiber/handler/auth.go:117.51,119.3 1 0
starter-gofiber/handler/auth.go:121.2,124.7 1 0
starter-gofiber/handler/auth.go:127.58,129.43 2 0
starter-gofiber/handler/auth.go:129.43,134.3 1 0
starter-gofiber/handler/auth.go:136.2,136.52 1 0
starter-gofiber/handler/auth.go:136.52,138.3 1 0
starter-gofiber/handler/auth.go:140.2,143.7 1 0
starter-gofiber/handler/auth.go:146.57,148.43 2 0
starter-gofiber/handler/auth.go:148.43,153.3 1 0
starter-gofiber/handler/auth.go:155.2,155.51 1 0
starter-gofiber/handler/auth.go:155.51,157.3 1 0
starter-gofiber/handler/auth.go:159.2,162.7 1 0
starter-gofiber/handler/auth.go:165.58,167.16 2 0
starter-gofiber/handler/auth.go:167.16,169.3 1 0
starter-gofiber/handler/auth.go:171.2,172.43 2 0
starter-gofiber/handler/auth.go:172.43,177.3 1 0
starter-gofiber/handler/auth.go:179.2,179.61 1 0
starter-gofiber/handler/auth.go:179.61,181.3 1 0
starter-gofiber/handler/auth.go:183.2,186.7 1 0
starter-gofiber/handler/auth.go:189.55,191.43 2 0
starter-gofiber/handler/auth.go:191.43,196.3 1 0
starter-gofiber/handler/auth.go:198.2,198.49 1 0
starter-gofiber/handler/auth.go:198.49,200.3 1 0
starter-gofiber/handler/auth.go:202.2,205.7 1 0
starter-gofiber/handler/auth.go:208.67,210.43 2 0
starter-gofiber/handler/auth.go:210.43,215.3 1 0
starter-gofiber/handler/auth.go:217.2,217.67 1 0
starter-gofiber/handler/auth.go:217.67,219.3 1 0
starter-gofiber/handler/auth.go:221.2,224.7 1 0
starter-gofiber/handler/auth.go:227.61,229.16 2 0
starter-gofiber/handler/auth.go:229.16,231.3 1 0
starter-gofiber/handler/auth.go:233.2,234.16 2 0
starter-gofiber/handler/auth.go:234.16,236.3 1 0
starter-gofiber/handler/auth.go:238.2,242.7 1 0
starter-gofiber/handler/auth.go:245.57,247.16 2 0
starter-gofiber/handler/auth.go:247.16,249.3 1 0
starter-gofiber/handler/auth.go:251.2,252.16 2 0
starter-gofiber/handler/auth.go:252.16,257.3 1 0
starter-gofiber/handler/auth.go:259.2,259.72 1 0
starter-gofiber/handler/auth.go:259.72,261.3 1 0
starter-gofiber/handler/auth.go:263.2,266.7 1 0
starter-gofiber/handler/post.go:16.58,20.2 1 0
starter-gofiber/handler/post.go:22.47,28.48 2 0
starter-gofiber/handler/post.go:28.48,33.3 1 0
starter-gofiber/handler/post.go:35.2,36.16 2 0
starter-gofiber/handler/post.go:36.16,38.3 1 0
starter-gofiber/handler/post.go:40.2,45.7 1 0
starter-gofiber/handler/post.go:48.50,52.16 3 0
starter-gofiber/handler/post.go:52.16,57.3 1 0
starter-gofiber/handler/post.go:59.2,60.16 2 0
starter-gofiber/handler/post.go:60.16,62.3 1 0
starter-gofiber/handler/post.go:64.2,66.16 3 0
starter-gofiber/handler/post.go:66.16,68.3 1 0
starter-gofiber/handler/post.go:69.2,71.44 2 0
starter-gofiber/handler/post.go:71.44,76.3 1 0
starter-gofiber/handler/post.go:78.2,79.16 2 0
starter-gofiber/handler/post.go:79.16,81.3 1 0
starter-gofiber/handler/post.go:83.2,87.7 1 0
starter-gofiber/handler/post.go:90.50,94.16 3 0
starter-gofiber/handler/post.go:94.16,99.3 1 0
starter-gofiber/handler/post.go:101.2,103.16 3 0
starter-gofiber/handler/post.go:103.16,105.17 2 0
starter-gofiber/handler/post.go:105.17,107.4 1 0
starter-gofiber/handler/post.go:108.3,108.25 1 0
starter-gofiber/handler/post.go:111.2,112.16 2 0
starter-gofiber/handler/post.go:112.16,114.3 1 0
starter-gofiber/handler/post.go:115.2,117.44 2 0
starter-gofiber/handler/post.go:117.44,122.3 1 0
starter-gofiber/handler/post.go:124.2,125.16 2 0
starter-gofiber/handler/post.go:125.16,127.3 1 0
starter-gofiber/handler/post.go:129.2,133.7 1 0
starter-gofiber/handler/post.go:136.50,138.16 2 0
starter-gofiber/handler/post.go:138.16,143.3 1 0
starter-gofiber/handler/post.go:145.2,146.16 2 0
starter-gofiber/handler/post.go:146.16,148.3 1 0
starter-gofiber/handler/post.go:149.2,152.7 1 0
starter-gofiber/handler/post.go:155.51,157.16 2 0
starter-gofiber/handler/post.go:157.16,162.3 1 0
starter-gofiber/handler/post.go:164.2,165.16 2 0
starter-gofiber/handler/post.go:165.16,167.3 1 0
starter-gofiber/handler/post.go:169.2,173.7 1 0
starter-gofiber/repository/email_verification.go:15.79,17.2 1 0
starter-gofiber/repository/email_verification.go:19.92,21.2 1 0
starter-gofiber/repository/email_verification.go:23.100,29.2 3 0
starter-gofiber/repository/email_verification.go:31.74,35.2 1 0
starter-gofiber/repository/email_verification.go:37.82,39.2 1 0
starter-gofiber/repository/email_verification.go:41.74,43.2 1 0
starter-gofiber/repository/password_reset.go:15.71,17.2 1 0
starter-gofiber/repository/password_reset.go:19.77,21.2 1 0
starter-gofiber/repository/password_reset.go:23.92,29.2 3 0
starter-gofiber/repository/password_reset.go:31.66,35.2 1 0
starter-gofiber/repository/password_reset.go:37.71,39.2 1 0
starter-gofiber/repository/password_reset.go:41.63,43.2 1 0
starter-gofiber/repository/post.go:15.52,19.2 1 0
starter-gofiber/repository/post.go:21.69,23.16 2 0
starter-gofiber/repository/post.go:23.16,25.3 1 0
starter-gofiber/repository/post.go:26.2,27.15 2 0
starter-gofiber/repository/post.go:30.73,33.2 2 0
starter-gofiber/repository/post.go:35.90,36.109 1 0
starter-gofiber/repository/post.go:36.109,38.3 1 0
starter-gofiber/repository/post.go:39.2,39.19 1 0
starter-gofiber/repository/post.go:42.63,44.2 1 0
starter-gofiber/repository/post.go:46.48,48.2 1 0
starter-gofiber/repository/post.go:50.85,53.2 2 0
starter-gofiber/repository/refresh_token.go:15.69,17.2 1 0
starter-gofiber/repository/refresh_token.go:19.75,21.2 1 0
starter-gofiber/repository/refresh_token.go:23.90,29.2 3 0
starter-gofiber/repository/refresh_token.go:31.66,35.2 1 0
starter-gofiber/repository/refresh_token.go:37.73,41.2 1 0
starter-gofiber/repository/refresh_token.go:43.62,45.2 1 0
starter-gofiber/repository/refresh_token.go:47.100,53.2 3 0
starter-gofiber/repository/refresh_token.go:55.80,59.2 1 0
starter-gofiber/repository/repository.go:9.62,11.2 1 0
starter-gofiber/repository/repository.go:13.62,15.2 1 0
starter-gofiber/repository/repository.go:17.62,19.2 1 0
starter-gofiber/repository/repository.go:21.71,25.2 3 0
starter-gofiber/repository/repository.go:27.72,29.2 1 0
starter-gofiber/repository/user.go:13.52,17.2 1 0
starter-gofiber/repository/user.go:19.54,21.2 1 0
starter-gofiber/repository/user.go:23.57,27.2 3 0
starter-gofiber/repository/user.go:29.74,33.2 3 0
starter-gofiber/repository/user.go:35.66,39.2 3 0
starter-gofiber/repository/user.go:41.58,43.2 1 0
starter-gofiber/middleware/auth.go:10.46,18.53 2 0
starter-gofiber/middleware/auth.go:18.53,20.4 1 0
starter-gofiber/middleware/authz.go:12.47,15.35 3 0
starter-gofiber/middleware/authz.go:15.35,18.3 2 0
starter-gofiber/middleware/authz.go:19.2,22.37 1 0
starter-gofiber/middleware/authz.go:22.37,24.18 2 0
starter-gofiber/middleware/authz.go:24.18,26.5 1 0
starter-gofiber/middleware/authz.go:27.4,27.22 1 0
starter-gofiber/middleware/authz.go:29.42,34.4 1 0
starter-gofiber/middleware/authz.go:35.39,40.4 1 0
starter-gofiber/helper/database.go:11.102,20.36 7 0
starter-gofiber/helper/database.go:20.36,22.3 1 0
starter-gofiber/helper/date.go:9.23,11.2 1 0
starter-gofiber/helper/error.go:42.40,44.2 1 0
starter-gofiber/helper/error.go:46.42,48.2 1 0
starter-gofiber/helper/error.go:50.46,52.2 1 0
starter-gofiber/helper/error.go:54.41,56.2 1 0
starter-gofiber/helper/error.go:58.44,60.2 1 0
starter-gofiber/helper/error.go:62.51,64.2 1 0
starter-gofiber/helper/error.go:66.49,73.27 3 0
starter-gofiber/helper/error.go:74.22,76.20 2 0
starter-gofiber/helper/error.go:77.24,79.20 2 0
starter-gofiber/helper/error.go:80.28,82.20 2 0
starter-gofiber/helper/error.go:83.26,85.20 2 0
starter-gofiber/helper/error.go:86.23,88.20 2 0
starter-gofiber/helper/error.go:89.33,92.23 3 0
starter-gofiber/helper/error.go:93.10,95.25 2 0
starter-gofiber/helper/error.go:95.25,98.4 2 0
starter-gofiber/helper/error.go:100.2,102.39 2 0
starter-gofiber/helper/hash.go:10.42,20.2 6 0
starter-gofiber/helper/hash.go:22.40,26.2 3 0
starter-gofiber/helper/password.go:5.45,7.16 2 0
starter-gofiber/helper/password.go:7.16,9.3 1 0
starter-gofiber/helper/password.go:10.2,10.26 1 0
starter-gofiber/helper/password.go:13.46,15.2 1 0
starter-gofiber/helper/response.go:23.57,27.48 3 0
starter-gofiber/helper/response.go:27.48,29.3 1 0
starter-gofiber/helper/response.go:29.8,31.3 1 0
starter-gofiber/helper/response.go:33.2,33.19 1 0
starter-gofiber/helper/response.go:33.19,41.3 1 0
starter-gofiber/helper/response.go:41.8,47.3 1 0
starter-gofiber/helper/response.go:49.2,49.46 1 0
starter-gofiber/helper/token.go:17.38,19.16 2 0
starter-gofiber/helper/token.go:19.16,21.13 2 0
starter-gofiber/helper/token.go:24.2,25.16 2 0
starter-gofiber/helper/token.go:25.16,27.13 2 0
starter-gofiber/helper/token.go:29.2,29.11 1 0
starter-gofiber/helper/token.go:32.64,35.66 2 0
starter-gofiber/helper/token.go:35.66,38.3 2 0
starter-gofiber/helper/token.go:38.8,42.3 1 0
starter-gofiber/helper/token.go:45.55,62.2 3 0
starter-gofiber/helper/token.go:64.64,81.2 3 0
starter-gofiber/helper/token.go:83.44,92.2 3 0
starter-gofiber/helper/upload.go:14.91,18.49 4 0
starter-gofiber/helper/upload.go:18.49,21.17 2 0
starter-gofiber/helper/upload.go:21.17,23.14 2 0
starter-gofiber/helper/upload.go:25.3,25.43 1 0
starter-gofiber/helper/upload.go:27.2,29.47 3 0
starter-gofiber/helper/upload.go:29.47,34.3 1 0
starter-gofiber/helper/upload.go:35.2,35.22 1 0
starter-gofiber/helper/upload.go:38.57,39.21 1 0
starter-gofiber/helper/upload.go:39.21,41.3 1 0
starter-gofiber/helper/upload.go:42.2,43.49 2 0
starter-gofiber/helper/upload.go:43.49,45.3 1 0
starter-gofiber/helper/upload.go:46.2,47.16 2 0
starter-gofiber/helper/upload.go:47.16,52.3 1 0
starter-gofiber/helper/upload.go:53.2,53.12 1 0
starter-gofiber/service/auth.go:24.16,31.2 1 0
starter-gofiber/service/auth.go:33.65,34.55 1 0
starter-gofiber/service/auth.go:34.55,36.3 1 0
starter-gofiber/service/auth.go:38.2,39.16 2 0
starter-gofiber/service/auth.go:39.16,41.3 1 0
starter-gofiber/service/auth.go:43.2,47.16 4 0
starter-gofiber/service/auth.go:47.16,49.3 1 0
starter-gofiber/service/auth.go:62.2,62.12 1 0
starter-gofiber/service/auth.go:65.118,67.16 2 0
starter-gofiber/service/auth.go:67.16,72.3 1 0
starter-gofiber/service/auth.go:74.2,74.75 1 0
starter-gofiber/service/auth.go:74.75,79.3 1 0
starter-gofiber/service/auth.go:81.2,83.16 3 0
starter-gofiber/service/auth.go:83.16,88.3 1 0
starter-gofiber/service/auth.go:90.2,91.16 2 0
starter-gofiber/service/auth.go:91.16,96.3 1 0
starter-gofiber/service/auth.go:99.2,106.67 2 0
starter-gofiber/service/auth.go:106.67,111.3 1 0
starter-gofiber/service/auth.go:113.2,117.8 1 0
starter-gofiber/service/auth.go:120.130,123.16 2 0
starter-gofiber/service/auth.go:123.16,128.3 1 0
starter-gofiber/service/auth.go:131.2,133.16 3 0
starter-gofiber/service/auth.go:133.16,138.3 1 0
starter-gofiber/service/auth.go:140.2,141.16 2 0
starter-gofiber/service/auth.go:141.16,146.3 1 0
starter-gofiber/service/auth.go:149.2,149.70 1 0
starter-gofiber/service/auth.go:149.70,154.3 1 0
starter-gofiber/service/auth.go:157.2,164.70 2 0
starter-gofiber/service/auth.go:164.70,169.3 1 0
starter-gofiber/service/auth.go:171.2,174.8 1 0
starter-gofiber/service/auth.go:177.57,178.66 1 0
starter-gofiber/service/auth.go:178.66,183.3 1 0
starter-gofiber/service/auth.go:184.2,184.12 1 0
starter-gofiber/service/auth.go:187.52,188.68 1 0
starter-gofiber/service/auth.go:188.68,193.3 1 0
starter-gofiber/service/auth.go:194.2,194.12 1 0
starter-gofiber/service/auth.go:197.76,199.16 2 0
starter-gofiber/service/auth.go:199.16,202.3 1 0
starter-gofiber/service/auth.go:205.2,206.16 2 0
starter-gofiber/service/auth.go:206.16,211.3 1 0
starter-gofiber/service/auth.go:214.2,222.63 3 0
starter-gofiber/service/auth.go:222.63,227.3 1 0
starter-gofiber/service/auth.go:232.2,232.12 1 0
starter-gofiber/service/auth.go:235.74,238.16 2 0
starter-gofiber/service/auth.go:238.16,243.3 1 0
starter-gofiber/service/auth.go:246.2,247.16 2 0
starter-gofiber/service/auth.go:247.16,252.3 1 0
starter-gofiber/service/auth.go:255.2,257.46 3 0
starter-gofiber/service/auth.go:257.46,262.3 1 0
starter-gofiber/service/auth.go:265.2,265.63 1 0
starter-gofiber/service/auth.go:265.63,270.3 1 0
starter-gofiber/service/auth.go:273.2,275.12 2 0
starter-gofiber/service/auth.go:278.89,281.16 2 0
starter-gofiber/service/auth.go:281.16,286.3 1 0
starter-gofiber/service/auth.go:289.2,289.78 1 0
starter-gofiber/service/auth.go:289.78,294.3 1 0
starter-gofiber/service/auth.go:297.2,298.16 2 0
starter-gofiber/service/auth.go:298.16,303.3 1 0
starter-gofiber/service/auth.go:306.2,307.45 2 0
starter-gofiber/service/auth.go:307.45,312.3 1 0
starter-gofiber/service/auth.go:315.2,317.12 2 0
starter-gofiber/service/auth.go:320.70,323.16 2 0
starter-gofiber/service/auth.go:323.16,328.3 1 0
starter-gofiber/service/auth.go:331.2,333.46 3 0
starter-gofiber/service/auth.go:333.46,338.3 1 0
starter-gofiber/service/auth.go:341.2,341.64 1 0
starter-gofiber/service/auth.go:341.64,346.3 1 0
starter-gofiber/service/auth.go:348.2,348.12 1 0
starter-gofiber/service/auth.go:351.67,353.16 2 0
starter-gofiber/service/auth.go:353.16,358.3 1 0
starter-gofiber/service/auth.go:360.2,360.24 1 0
starter-gofiber/service/auth.go:360.24,365.3 1 0
starter-gofiber/service/auth.go:368.2,369.16 2 0
starter-gofiber/service/auth.go:369.16,374.3 1 0
starter-gofiber/service/auth.go:377.2,385.64 3 0
starter-gofiber/service/auth.go:385.64,390.3 1 0
starter-gofiber/service/auth.go:395.2,395.12 1 0
starter-gofiber/service/auth.go:398.85,400.16 2 0
starter-gofiber/service/auth.go:400.16,405.3 1 0
starter-gofiber/service/auth.go:407.2,408.35 2 0
starter-gofiber/service/auth.go:408.35,410.3 1 0
starter-gofiber/service/auth.go:412.2,412.22 1 0
starter-gofiber/service/auth.go:415.67,416.77 1 0
starter-gofiber/service/auth.go:416.77,421.3 1 0
starter-gofiber/service/auth.go:422.2,422.12 1 0
starter-gofiber/service/post.go:16.67,20.2 1 0
starter-gofiber/service/post.go:22.82,24.16 2 0
starter-gofiber/service/post.go:24.16,29.3 1 0
starter-gofiber/service/post.go:31.2,32.30 2 0
starter-gofiber/service/post.go:32.30,34.3 1 0
starter-gofiber/service/post.go:35.2,35.21 1 0
starter-gofiber/service/post.go:38.80,42.16 3 0
starter-gofiber/service/post.go:42.16,43.56 1 0
starter-gofiber/service/post.go:43.56,49.4 5 0
starter-gofiber/service/post.go:50.3,54.4 1 0
starter-gofiber/service/post.go:57.2,60.16 3 0
starter-gofiber/service/post.go:60.16,65.3 1 0
starter-gofiber/service/post.go:67.2,67.16 1 0
starter-gofiber/service/post.go:70.66,72.16 2 0
starter-gofiber/service/post.go:72.16,77.3 1 0
starter-gofiber/service/post.go:78.2,78.50 1 0
starter-gofiber/service/post.go:81.85,85.16 3 0
starter-gofiber/service/post.go:85.16,86.56 1 0
starter-gofiber/service/post.go:86.56,92.4 5 0
starter-gofiber/service/post.go:93.3,97.4 1 0
starter-gofiber/service/post.go:99.2,100.16 2 0
starter-gofiber/service/post.go:100.16,105.3 1 0
starter-gofiber/service/post.go:108.2,108.22 1 0
starter-gofiber/service/post.go:108.22,109.76 1 0
starter-gofiber/service/post.go:109.76,111.4 1 0
starter-gofiber/service/post.go:112.3,112.25 1 0
starter-gofiber/service/post.go:114.2,115.22 2 0
starter-gofiber/service/post.go:115.22,117.3 1 0
starter-gofiber/service/post.go:118.2,123.16 4 0
starter-gofiber/service/post.go:123.16,128.3 1 0
starter-gofiber/service/post.go:129.2,129.16 1 0
starter-gofiber/service/post.go:132.45,134.16 2 0
starter-gofiber/service/post.go:134.16,139.3 1 0
starter-gofiber/service/post.go:140.2,140.75 1 0
starter-gofiber/service/post.go:140.75,145.3 1 0
starter-gofiber/service/post.go:146.2,146.26 1 0
